# JRE version: OpenJDK Runtime Environment (8.0_152-b06) (build 1.8.0_152-release-1136-b06)
# Java VM: OpenJDK 64-Bit Server VM (25.152-b06 mixed mode windows-amd64 compressed oops)
Heap:
 PSYoungGen      total 171520K, used 48205K [0x00000000e0000000, 0x00000000eef00000, 0x0000000100000000)
  eden space 154112K, 31% used [0x00000000e0000000,0x00000000e2f135a8,0x00000000e9680000)
  from space 17408K, 0% used [0x00000000e9680000,0x00000000e9680000,0x00000000ea780000)
  to   space 20480K, 0% used [0x00000000edb00000,0x00000000edb00000,0x00000000eef00000)
 ParOldGen       total 76288K, used 44066K [0x00000000a0000000, 0x00000000a4a80000, 0x00000000e0000000)
  object space 76288K, 57% used [0x00000000a0000000,0x00000000a2b08978,0x00000000a4a80000)
 Metaspace       used 59078K, capacity 60558K, committed 60760K, reserved 1101824K
  class space    used 7891K, capacity 8266K, committed 8320K, reserved 1048576K
GC Heap History (10 events):
Event: 7.715 GC heap before
{Heap before GC invocations=12 (full 2):
 PSYoungGen      total 103936K, used 94720K [0x00000000e0000000, 0x00000000e9380000, 0x0000000100000000)
  eden space 94720K, 100% used [0x00000000e0000000,0x00000000e5c80000,0x00000000e5c80000)
  from space 9216K, 0% used [0x00000000e5c80000,0x00000000e5c80000,0x00000000e6580000)
  to   space 10240K, 0% used [0x00000000e8980000,0x00000000e8980000,0x00000000e9380000)
 ParOldGen       total 76288K, used 16607K [0x00000000a0000000, 0x00000000a4a80000, 0x00000000e0000000)
  object space 76288K, 21% used [0x00000000a0000000,0x00000000a1037ff0,0x00000000a4a80000)
 Metaspace       used 40656K, capacity 41294K, committed 41560K, reserved 1085440K
  class space    used 5456K, capacity 5683K, committed 5760K, reserved 1048576K
Event: 7.727 GC heap after
Heap after GC invocations=12 (full 2):
 PSYoungGen      total 132096K, used 10210K [0x00000000e0000000, 0x00000000e9380000, 0x0000000100000000)
  eden space 121856K, 0% used [0x00000000e0000000,0x00000000e0000000,0x00000000e7700000)
  from space 10240K, 99% used [0x00000000e8980000,0x00000000e9378a78,0x00000000e9380000)
  to   space 11776K, 0% used [0x00000000e7c80000,0x00000000e7c80000,0x00000000e8800000)
 ParOldGen       total 76288K, used 17589K [0x00000000a0000000, 0x00000000a4a80000, 0x00000000e0000000)
  object space 76288K, 23% used [0x00000000a0000000,0x00000000a112d428,0x00000000a4a80000)
 Metaspace       used 40656K, capacity 41294K, committed 41560K, reserved 1085440K
  class space    used 5456K, capacity 5683K, committed 5760K, reserved 1048576K
}
Event: 10.061 GC heap before
{Heap before GC invocations=13 (full 2):
 PSYoungGen      total 132096K, used 132066K [0x00000000e0000000, 0x00000000e9380000, 0x0000000100000000)
  eden space 121856K, 100% used [0x00000000e0000000,0x00000000e7700000,0x00000000e7700000)
  from space 10240K, 99% used [0x00000000e8980000,0x00000000e9378a78,0x00000000e9380000)
  to   space 11776K, 0% used [0x00000000e7c80000,0x00000000e7c80000,0x00000000e8800000)
 ParOldGen       total 76288K, used 17589K [0x00000000a0000000, 0x00000000a4a80000, 0x00000000e0000000)
  object space 76288K, 23% used [0x00000000a0000000,0x00000000a112d428,0x00000000a4a80000)
 Metaspace       used 51216K, capacity 52438K, committed 52568K, reserved 1095680K
  class space    used 6931K, capacity 7270K, committed 7296K, reserved 1048576K
Event: 10.089 GC heap after
Heap after GC invocations=13 (full 2):
 PSYoungGen      total 139264K, used 11768K [0x00000000e0000000, 0x00000000eb700000, 0x0000000100000000)
  eden space 127488K, 0% used [0x00000000e0000000,0x00000000e0000000,0x00000000e7c80000)
  from space 11776K, 99% used [0x00000000e7c80000,0x00000000e87fe2f0,0x00000000e8800000)
  to   space 15872K, 0% used [0x00000000ea780000,0x00000000ea780000,0x00000000eb700000)
 ParOldGen       total 76288K, used 24746K [0x00000000a0000000, 0x00000000a4a80000, 0x00000000e0000000)
  object space 76288K, 32% used [0x00000000a0000000,0x00000000a182a898,0x00000000a4a80000)
 Metaspace       used 51216K, capacity 52438K, committed 52568K, reserved 1095680K
  class space    used 6931K, capacity 7270K, committed 7296K, reserved 1048576K
}
Event: 13.697 GC heap before
{Heap before GC invocations=14 (full 2):
 PSYoungGen      total 139264K, used 139256K [0x00000000e0000000, 0x00000000eb700000, 0x0000000100000000)
  eden space 127488K, 100% used [0x00000000e0000000,0x00000000e7c80000,0x00000000e7c80000)
  from space 11776K, 99% used [0x00000000e7c80000,0x00000000e87fe2f0,0x00000000e8800000)
  to   space 15872K, 0% used [0x00000000ea780000,0x00000000ea780000,0x00000000eb700000)
 ParOldGen       total 76288K, used 24746K [0x00000000a0000000, 0x00000000a4a80000, 0x00000000e0000000)
  object space 76288K, 32% used [0x00000000a0000000,0x00000000a182a898,0x00000000a4a80000)
 Metaspace       used 56295K, capacity 57826K, committed 57944K, reserved 1099776K
  class space    used 7608K, capacity 7974K, committed 8064K, reserved 1048576K
Event: 13.722 GC heap after
Heap after GC invocations=14 (full 2):
 PSYoungGen      total 169984K, used 15348K [0x00000000e0000000, 0x00000000ebe80000, 0x0000000100000000)
  eden space 154112K, 0% used [0x00000000e0000000,0x00000000e0000000,0x00000000e9680000)
  from space 15872K, 96% used [0x00000000ea780000,0x00000000eb67d070,0x00000000eb700000)
  to   space 17408K, 0% used [0x00000000e9680000,0x00000000e9680000,0x00000000ea780000)
 ParOldGen       total 76288K, used 30355K [0x00000000a0000000, 0x00000000a4a80000, 0x00000000e0000000)
  object space 76288K, 39% used [0x00000000a0000000,0x00000000a1da4f88,0x00000000a4a80000)
 Metaspace       used 56295K, capacity 57826K, committed 57944K, reserved 1099776K
  class space    used 7608K, capacity 7974K, committed 8064K, reserved 1048576K
}
Event: 14.179 GC heap before
{Heap before GC invocations=15 (full 2):
 PSYoungGen      total 169984K, used 49179K [0x00000000e0000000, 0x00000000ebe80000, 0x0000000100000000)
  eden space 154112K, 21% used [0x00000000e0000000,0x00000000e2109e30,0x00000000e9680000)
  from space 15872K, 96% used [0x00000000ea780000,0x00000000eb67d070,0x00000000eb700000)
  to   space 17408K, 0% used [0x00000000e9680000,0x00000000e9680000,0x00000000ea780000)
 ParOldGen       total 76288K, used 30355K [0x00000000a0000000, 0x00000000a4a80000, 0x00000000e0000000)
  object space 76288K, 39% used [0x00000000a0000000,0x00000000a1da4f88,0x00000000a4a80000)
 Metaspace       used 57330K, capacity 58852K, committed 59028K, reserved 1099776K
  class space    used 7698K, capacity 8103K, committed 8192K, reserved 1048576K
Event: 14.197 GC heap after
Heap after GC invocations=15 (full 2):
 PSYoungGen      total 171520K, used 17378K [0x00000000e0000000, 0x00000000eef00000, 0x0000000100000000)
  eden space 154112K, 0% used [0x00000000e0000000,0x00000000e0000000,0x00000000e9680000)
  from space 17408K, 99% used [0x00000000e9680000,0x00000000ea778878,0x00000000ea780000)
  to   space 20480K, 0% used [0x00000000edb00000,0x00000000edb00000,0x00000000eef00000)
 ParOldGen       total 76288K, used 31958K [0x00000000a0000000, 0x00000000a4a80000, 0x00000000e0000000)
  object space 76288K, 41% used [0x00000000a0000000,0x00000000a1f35a08,0x00000000a4a80000)
 Metaspace       used 57330K, capacity 58852K, committed 59028K, reserved 1099776K
  class space    used 7698K, capacity 8103K, committed 8192K, reserved 1048576K
}
Event: 14.197 GC heap before
{Heap before GC invocations=16 (full 3):
 PSYoungGen      total 171520K, used 17378K [0x00000000e0000000, 0x00000000eef00000, 0x0000000100000000)
  eden space 154112K, 0% used [0x00000000e0000000,0x00000000e0000000,0x00000000e9680000)
  from space 17408K, 99% used [0x00000000e9680000,0x00000000ea778878,0x00000000ea780000)
  to   space 20480K, 0% used [0x00000000edb00000,0x00000000edb00000,0x00000000eef00000)
 ParOldGen       total 76288K, used 31958K [0x00000000a0000000, 0x00000000a4a80000, 0x00000000e0000000)
  object space 76288K, 41% used [0x00000000a0000000,0x00000000a1f35a08,0x00000000a4a80000)
 Metaspace       used 57330K, capacity 58852K, committed 59028K, reserved 1099776K
  class space    used 7698K, capacity 8103K, committed 8192K, reserved 1048576K
Event: 14.424 GC heap after
Heap after GC invocations=16 (full 3):
 PSYoungGen      total 171520K, used 0K [0x00000000e0000000, 0x00000000eef00000, 0x0000000100000000)
  eden space 154112K, 0% used [0x00000000e0000000,0x00000000e0000000,0x00000000e9680000)
  from space 17408K, 0% used [0x00000000e9680000,0x00000000e9680000,0x00000000ea780000)
  to   space 20480K, 0% used [0x00000000edb00000,0x00000000edb00000,0x00000000eef00000)
 ParOldGen       total 76288K, used 44066K [0x00000000a0000000, 0x00000000a4a80000, 0x00000000e0000000)
  object space 76288K, 57% used [0x00000000a0000000,0x00000000a2b08978,0x00000000a4a80000)
 Metaspace       used 57330K, capacity 58852K, committed 59028K, reserved 1099776K
  class space    used 7698K, capacity 8103K, committed 8192K, reserved 1048576K
}

