# JRE version: OpenJDK Runtime Environment (8.0_152-b06) (build 1.8.0_152-release-1136-b06)
# Java VM: OpenJDK 64-Bit Server VM (25.152-b06 mixed mode windows-amd64 compressed oops)
Heap:
 PSYoungGen      total 192512K, used 190291K [0x00000000e0000000, 0x00000000ee180000, 0x0000000100000000)
  eden space 179200K, 98% used [0x00000000e0000000,0x00000000ead02018,0x00000000eaf00000)
  from space 13312K, 98% used [0x00000000ed480000,0x00000000ee152c70,0x00000000ee180000)
  to   space 19968K, 0% used [0x00000000eba80000,0x00000000eba80000,0x00000000ece00000)
 ParOldGen       total 134144K, used 44616K [0x00000000a0000000, 0x00000000a8300000, 0x00000000e0000000)
  object space 134144K, 33% used [0x00000000a0000000,0x00000000a2b920e0,0x00000000a8300000)
 Metaspace       used 76954K, capacity 80058K, committed 80128K, reserved 1118208K
  class space    used 10272K, capacity 10989K, committed 11008K, reserved 1048576K
GC Heap History (10 events):
Event: 9.978 GC heap before
{Heap before GC invocations=13 (full 2):
 PSYoungGen      total 128512K, used 128138K [0x00000000e0000000, 0x00000000e9000000, 0x0000000100000000)
  eden space 117760K, 100% used [0x00000000e0000000,0x00000000e7300000,0x00000000e7300000)
  from space 10752K, 96% used [0x00000000e8580000,0x00000000e8fa2ae8,0x00000000e9000000)
  to   space 12288K, 0% used [0x00000000e7800000,0x00000000e7800000,0x00000000e8400000)
 ParOldGen       total 81920K, used 18248K [0x00000000a0000000, 0x00000000a5000000, 0x00000000e0000000)
  object space 81920K, 22% used [0x00000000a0000000,0x00000000a11d2180,0x00000000a5000000)
 Metaspace       used 50962K, capacity 52270K, committed 52480K, reserved 1093632K
  class space    used 6899K, capacity 7297K, committed 7424K, reserved 1048576K
Event: 9.994 GC heap after
Heap after GC invocations=13 (full 2):
 PSYoungGen      total 135168K, used 12262K [0x00000000e0000000, 0x00000000eb100000, 0x0000000100000000)
  eden space 122880K, 0% used [0x00000000e0000000,0x00000000e0000000,0x00000000e7800000)
  from space 12288K, 99% used [0x00000000e7800000,0x00000000e83f9be8,0x00000000e8400000)
  to   space 15872K, 0% used [0x00000000ea180000,0x00000000ea180000,0x00000000eb100000)
 ParOldGen       total 81920K, used 24120K [0x00000000a0000000, 0x00000000a5000000, 0x00000000e0000000)
  object space 81920K, 29% used [0x00000000a0000000,0x00000000a178e1d8,0x00000000a5000000)
 Metaspace       used 50962K, capacity 52270K, committed 52480K, reserved 1093632K
  class space    used 6899K, capacity 7297K, committed 7424K, reserved 1048576K
}
Event: 11.420 GC heap before
{Heap before GC invocations=14 (full 2):
 PSYoungGen      total 135168K, used 135142K [0x00000000e0000000, 0x00000000eb100000, 0x0000000100000000)
  eden space 122880K, 100% used [0x00000000e0000000,0x00000000e7800000,0x00000000e7800000)
  from space 12288K, 99% used [0x00000000e7800000,0x00000000e83f9be8,0x00000000e8400000)
  to   space 15872K, 0% used [0x00000000ea180000,0x00000000ea180000,0x00000000eb100000)
 ParOldGen       total 81920K, used 24120K [0x00000000a0000000, 0x00000000a5000000, 0x00000000e0000000)
  object space 81920K, 29% used [0x00000000a0000000,0x00000000a178e1d8,0x00000000a5000000)
 Metaspace       used 56314K, capacity 58140K, committed 58240K, reserved 1099776K
  class space    used 7752K, capacity 8225K, committed 8320K, reserved 1048576K
Event: 11.449 GC heap after
Heap after GC invocations=14 (full 2):
 PSYoungGen      total 160256K, used 15863K [0x00000000e0000000, 0x00000000ec480000, 0x0000000100000000)
  eden space 144384K, 0% used [0x00000000e0000000,0x00000000e0000000,0x00000000e8d00000)
  from space 15872K, 99% used [0x00000000ea180000,0x00000000eb0fdc70,0x00000000eb100000)
  to   space 20992K, 0% used [0x00000000e8d00000,0x00000000e8d00000,0x00000000ea180000)
 ParOldGen       total 81920K, used 31582K [0x00000000a0000000, 0x00000000a5000000, 0x00000000e0000000)
  object space 81920K, 38% used [0x00000000a0000000,0x00000000a1ed7ac0,0x00000000a5000000)
 Metaspace       used 56314K, capacity 58140K, committed 58240K, reserved 1099776K
  class space    used 7752K, capacity 8225K, committed 8320K, reserved 1048576K
}
Event: 11.926 GC heap before
{Heap before GC invocations=15 (full 2):
 PSYoungGen      total 160256K, used 96601K [0x00000000e0000000, 0x00000000ec480000, 0x0000000100000000)
  eden space 144384K, 55% used [0x00000000e0000000,0x00000000e4ed8938,0x00000000e8d00000)
  from space 15872K, 99% used [0x00000000ea180000,0x00000000eb0fdc70,0x00000000eb100000)
  to   space 20992K, 0% used [0x00000000e8d00000,0x00000000e8d00000,0x00000000ea180000)
 ParOldGen       total 81920K, used 31582K [0x00000000a0000000, 0x00000000a5000000, 0x00000000e0000000)
  object space 81920K, 38% used [0x00000000a0000000,0x00000000a1ed7ac0,0x00000000a5000000)
 Metaspace       used 56888K, capacity 58754K, committed 59008K, reserved 1099776K
  class space    used 7846K, capacity 8311K, committed 8320K, reserved 1048576K
Event: 11.950 GC heap after
Heap after GC invocations=15 (full 2):
 PSYoungGen      total 165376K, used 10176K [0x00000000e0000000, 0x00000000ee800000, 0x0000000100000000)
  eden space 144384K, 0% used [0x00000000e0000000,0x00000000e0000000,0x00000000e8d00000)
  from space 20992K, 48% used [0x00000000e8d00000,0x00000000e96f0010,0x00000000ea180000)
  to   space 19968K, 0% used [0x00000000ed480000,0x00000000ed480000,0x00000000ee800000)
 ParOldGen       total 81920K, used 46172K [0x00000000a0000000, 0x00000000a5000000, 0x00000000e0000000)
  object space 81920K, 56% used [0x00000000a0000000,0x00000000a2d172e8,0x00000000a5000000)
 Metaspace       used 56888K, capacity 58754K, committed 59008K, reserved 1099776K
  class space    used 7846K, capacity 8311K, committed 8320K, reserved 1048576K
}
Event: 11.950 GC heap before
{Heap before GC invocations=16 (full 3):
 PSYoungGen      total 165376K, used 10176K [0x00000000e0000000, 0x00000000ee800000, 0x0000000100000000)
  eden space 144384K, 0% used [0x00000000e0000000,0x00000000e0000000,0x00000000e8d00000)
  from space 20992K, 48% used [0x00000000e8d00000,0x00000000e96f0010,0x00000000ea180000)
  to   space 19968K, 0% used [0x00000000ed480000,0x00000000ed480000,0x00000000ee800000)
 ParOldGen       total 81920K, used 46172K [0x00000000a0000000, 0x00000000a5000000, 0x00000000e0000000)
  object space 81920K, 56% used [0x00000000a0000000,0x00000000a2d172e8,0x00000000a5000000)
 Metaspace       used 56888K, capacity 58754K, committed 59008K, reserved 1099776K
  class space    used 7846K, capacity 8311K, committed 8320K, reserved 1048576K
Event: 12.202 GC heap after
Heap after GC invocations=16 (full 3):
 PSYoungGen      total 165376K, used 0K [0x00000000e0000000, 0x00000000ee800000, 0x0000000100000000)
  eden space 144384K, 0% used [0x00000000e0000000,0x00000000e0000000,0x00000000e8d00000)
  from space 20992K, 0% used [0x00000000e8d00000,0x00000000e8d00000,0x00000000ea180000)
  to   space 19968K, 0% used [0x00000000ed480000,0x00000000ed480000,0x00000000ee800000)
 ParOldGen       total 134144K, used 44608K [0x00000000a0000000, 0x00000000a8300000, 0x00000000e0000000)
  object space 134144K, 33% used [0x00000000a0000000,0x00000000a2b900e0,0x00000000a8300000)
 Metaspace       used 56888K, capacity 58754K, committed 59008K, reserved 1099776K
  class space    used 7846K, capacity 8311K, committed 8320K, reserved 1048576K
}
Event: 94.410 GC heap before
{Heap before GC invocations=17 (full 3):
 PSYoungGen      total 165376K, used 144384K [0x00000000e0000000, 0x00000000ee800000, 0x0000000100000000)
  eden space 144384K, 100% used [0x00000000e0000000,0x00000000e8d00000,0x00000000e8d00000)
  from space 20992K, 0% used [0x00000000e8d00000,0x00000000e8d00000,0x00000000ea180000)
  to   space 19968K, 0% used [0x00000000ed480000,0x00000000ed480000,0x00000000ee800000)
 ParOldGen       total 134144K, used 44608K [0x00000000a0000000, 0x00000000a8300000, 0x00000000e0000000)
  object space 134144K, 33% used [0x00000000a0000000,0x00000000a2b900e0,0x00000000a8300000)
 Metaspace       used 66761K, capacity 69090K, committed 69376K, reserved 1110016K
  class space    used 8864K, capacity 9446K, committed 9472K, reserved 1048576K
Event: 94.425 GC heap after
Heap after GC invocations=17 (full 3):
 PSYoungGen      total 192512K, used 13131K [0x00000000e0000000, 0x00000000ee180000, 0x0000000100000000)
  eden space 179200K, 0% used [0x00000000e0000000,0x00000000e0000000,0x00000000eaf00000)
  from space 13312K, 98% used [0x00000000ed480000,0x00000000ee152c70,0x00000000ee180000)
  to   space 19968K, 0% used [0x00000000eba80000,0x00000000eba80000,0x00000000ece00000)
 ParOldGen       total 134144K, used 44616K [0x00000000a0000000, 0x00000000a8300000, 0x00000000e0000000)
  object space 134144K, 33% used [0x00000000a0000000,0x00000000a2b920e0,0x00000000a8300000)
 Metaspace       used 66761K, capacity 69090K, committed 69376K, reserved 1110016K
  class space    used 8864K, capacity 9446K, committed 9472K, reserved 1048576K
}

