# JRE version: OpenJDK Runtime Environment (8.0_152-b06) (build 1.8.0_152-release-1136-b06)
# Java VM: OpenJDK 64-Bit Server VM (25.152-b06 mixed mode windows-amd64 compressed oops)
Heap:
 PSYoungGen      total 154112K, used 48344K [0x00000000e0000000, 0x00000000eca00000, 0x0000000100000000)
  eden space 138240K, 34% used [0x00000000e0000000,0x00000000e2f361d8,0x00000000e8700000)
  from space 15872K, 0% used [0x00000000e8700000,0x00000000e8700000,0x00000000e9680000)
  to   space 16384K, 0% used [0x00000000eba00000,0x00000000eba00000,0x00000000eca00000)
 ParOldGen       total 139264K, used 43870K [0x00000000a0000000, 0x00000000a8800000, 0x00000000e0000000)
  object space 139264K, 31% used [0x00000000a0000000,0x00000000a2ad7a28,0x00000000a8800000)
 Metaspace       used 58959K, capacity 60498K, committed 60760K, reserved 1101824K
  class space    used 7892K, capacity 8266K, committed 8320K, reserved 1048576K
GC Heap History (10 events):
Event: 7.677 GC heap before
{Heap before GC invocations=12 (full 2):
 PSYoungGen      total 99840K, used 90624K [0x00000000e0000000, 0x00000000e8a80000, 0x0000000100000000)
  eden space 90624K, 100% used [0x00000000e0000000,0x00000000e5880000,0x00000000e5880000)
  from space 9216K, 0% used [0x00000000e5880000,0x00000000e5880000,0x00000000e6180000)
  to   space 10240K, 0% used [0x00000000e8080000,0x00000000e8080000,0x00000000e8a80000)
 ParOldGen       total 82944K, used 16609K [0x00000000a0000000, 0x00000000a5100000, 0x00000000e0000000)
  object space 82944K, 20% used [0x00000000a0000000,0x00000000a1038458,0x00000000a5100000)
 Metaspace       used 40304K, capacity 40910K, committed 41304K, reserved 1085440K
  class space    used 5416K, capacity 5637K, committed 5760K, reserved 1048576K
Event: 7.688 GC heap after
Heap after GC invocations=12 (full 2):
 PSYoungGen      total 123392K, used 10231K [0x00000000e0000000, 0x00000000e8a80000, 0x0000000100000000)
  eden space 113152K, 0% used [0x00000000e0000000,0x00000000e0000000,0x00000000e6e80000)
  from space 10240K, 99% used [0x00000000e8080000,0x00000000e8a7df00,0x00000000e8a80000)
  to   space 11776K, 0% used [0x00000000e7380000,0x00000000e7380000,0x00000000e7f00000)
 ParOldGen       total 82944K, used 17369K [0x00000000a0000000, 0x00000000a5100000, 0x00000000e0000000)
  object space 82944K, 20% used [0x00000000a0000000,0x00000000a10f65c0,0x00000000a5100000)
 Metaspace       used 40304K, capacity 40910K, committed 41304K, reserved 1085440K
  class space    used 5416K, capacity 5637K, committed 5760K, reserved 1048576K
}
Event: 9.565 GC heap before
{Heap before GC invocations=13 (full 2):
 PSYoungGen      total 123392K, used 123383K [0x00000000e0000000, 0x00000000e8a80000, 0x0000000100000000)
  eden space 113152K, 100% used [0x00000000e0000000,0x00000000e6e80000,0x00000000e6e80000)
  from space 10240K, 99% used [0x00000000e8080000,0x00000000e8a7df00,0x00000000e8a80000)
  to   space 11776K, 0% used [0x00000000e7380000,0x00000000e7380000,0x00000000e7f00000)
 ParOldGen       total 82944K, used 17369K [0x00000000a0000000, 0x00000000a5100000, 0x00000000e0000000)
  object space 82944K, 20% used [0x00000000a0000000,0x00000000a10f65c0,0x00000000a5100000)
 Metaspace       used 50069K, capacity 51168K, committed 51416K, reserved 1093632K
  class space    used 6736K, capacity 7043K, committed 7168K, reserved 1048576K
Event: 9.591 GC heap after
Heap after GC invocations=13 (full 2):
 PSYoungGen      total 130048K, used 11641K [0x00000000e0000000, 0x00000000ea300000, 0x0000000100000000)
  eden space 118272K, 0% used [0x00000000e0000000,0x00000000e0000000,0x00000000e7380000)
  from space 11776K, 98% used [0x00000000e7380000,0x00000000e7ede690,0x00000000e7f00000)
  to   space 12800K, 0% used [0x00000000e9680000,0x00000000e9680000,0x00000000ea300000)
 ParOldGen       total 82944K, used 23737K [0x00000000a0000000, 0x00000000a5100000, 0x00000000e0000000)
  object space 82944K, 28% used [0x00000000a0000000,0x00000000a172e4c8,0x00000000a5100000)
 Metaspace       used 50069K, capacity 51168K, committed 51416K, reserved 1093632K
  class space    used 6736K, capacity 7043K, committed 7168K, reserved 1048576K
}
Event: 12.915 GC heap before
{Heap before GC invocations=14 (full 2):
 PSYoungGen      total 130048K, used 129913K [0x00000000e0000000, 0x00000000ea300000, 0x0000000100000000)
  eden space 118272K, 100% used [0x00000000e0000000,0x00000000e7380000,0x00000000e7380000)
  from space 11776K, 98% used [0x00000000e7380000,0x00000000e7ede690,0x00000000e7f00000)
  to   space 12800K, 0% used [0x00000000e9680000,0x00000000e9680000,0x00000000ea300000)
 ParOldGen       total 82944K, used 23737K [0x00000000a0000000, 0x00000000a5100000, 0x00000000e0000000)
  object space 82944K, 28% used [0x00000000a0000000,0x00000000a172e4c8,0x00000000a5100000)
 Metaspace       used 56056K, capacity 57620K, committed 57944K, reserved 1099776K
  class space    used 7601K, capacity 7971K, committed 8064K, reserved 1048576K
Event: 12.934 GC heap after
Heap after GC invocations=14 (full 2):
 PSYoungGen      total 151040K, used 12775K [0x00000000e0000000, 0x00000000eac80000, 0x0000000100000000)
  eden space 138240K, 0% used [0x00000000e0000000,0x00000000e0000000,0x00000000e8700000)
  from space 12800K, 99% used [0x00000000e9680000,0x00000000ea2f9d28,0x00000000ea300000)
  to   space 15872K, 0% used [0x00000000e8700000,0x00000000e8700000,0x00000000e9680000)
 ParOldGen       total 82944K, used 27979K [0x00000000a0000000, 0x00000000a5100000, 0x00000000e0000000)
  object space 82944K, 33% used [0x00000000a0000000,0x00000000a1b52dc0,0x00000000a5100000)
 Metaspace       used 56056K, capacity 57620K, committed 57944K, reserved 1099776K
  class space    used 7601K, capacity 7971K, committed 8064K, reserved 1048576K
}
Event: 13.778 GC heap before
{Heap before GC invocations=15 (full 2):
 PSYoungGen      total 151040K, used 68643K [0x00000000e0000000, 0x00000000eac80000, 0x0000000100000000)
  eden space 138240K, 40% used [0x00000000e0000000,0x00000000e368f070,0x00000000e8700000)
  from space 12800K, 99% used [0x00000000e9680000,0x00000000ea2f9d28,0x00000000ea300000)
  to   space 15872K, 0% used [0x00000000e8700000,0x00000000e8700000,0x00000000e9680000)
 ParOldGen       total 82944K, used 27979K [0x00000000a0000000, 0x00000000a5100000, 0x00000000e0000000)
  object space 82944K, 33% used [0x00000000a0000000,0x00000000a1b52dc0,0x00000000a5100000)
 Metaspace       used 57271K, capacity 58838K, committed 59028K, reserved 1099776K
  class space    used 7697K, capacity 8100K, committed 8192K, reserved 1048576K
Event: 13.800 GC heap after
Heap after GC invocations=15 (full 2):
 PSYoungGen      total 154112K, used 12043K [0x00000000e0000000, 0x00000000eca00000, 0x0000000100000000)
  eden space 138240K, 0% used [0x00000000e0000000,0x00000000e0000000,0x00000000e8700000)
  from space 15872K, 75% used [0x00000000e8700000,0x00000000e92c2f78,0x00000000e9680000)
  to   space 16384K, 0% used [0x00000000eba00000,0x00000000eba00000,0x00000000eca00000)
 ParOldGen       total 82944K, used 40673K [0x00000000a0000000, 0x00000000a5100000, 0x00000000e0000000)
  object space 82944K, 49% used [0x00000000a0000000,0x00000000a27b87b8,0x00000000a5100000)
 Metaspace       used 57271K, capacity 58838K, committed 59028K, reserved 1099776K
  class space    used 7697K, capacity 8100K, committed 8192K, reserved 1048576K
}
Event: 13.800 GC heap before
{Heap before GC invocations=16 (full 3):
 PSYoungGen      total 154112K, used 12043K [0x00000000e0000000, 0x00000000eca00000, 0x0000000100000000)
  eden space 138240K, 0% used [0x00000000e0000000,0x00000000e0000000,0x00000000e8700000)
  from space 15872K, 75% used [0x00000000e8700000,0x00000000e92c2f78,0x00000000e9680000)
  to   space 16384K, 0% used [0x00000000eba00000,0x00000000eba00000,0x00000000eca00000)
 ParOldGen       total 82944K, used 40673K [0x00000000a0000000, 0x00000000a5100000, 0x00000000e0000000)
  object space 82944K, 49% used [0x00000000a0000000,0x00000000a27b87b8,0x00000000a5100000)
 Metaspace       used 57271K, capacity 58838K, committed 59028K, reserved 1099776K
  class space    used 7697K, capacity 8100K, committed 8192K, reserved 1048576K
Event: 14.062 GC heap after
Heap after GC invocations=16 (full 3):
 PSYoungGen      total 154112K, used 0K [0x00000000e0000000, 0x00000000eca00000, 0x0000000100000000)
  eden space 138240K, 0% used [0x00000000e0000000,0x00000000e0000000,0x00000000e8700000)
  from space 15872K, 0% used [0x00000000e8700000,0x00000000e8700000,0x00000000e9680000)
  to   space 16384K, 0% used [0x00000000eba00000,0x00000000eba00000,0x00000000eca00000)
 ParOldGen       total 139264K, used 43870K [0x00000000a0000000, 0x00000000a8800000, 0x00000000e0000000)
  object space 139264K, 31% used [0x00000000a0000000,0x00000000a2ad7a28,0x00000000a8800000)
 Metaspace       used 57271K, capacity 58838K, committed 59028K, reserved 1099776K
  class space    used 7697K, capacity 8100K, committed 8192K, reserved 1048576K
}

