# JRE version: OpenJDK Runtime Environment (8.0_152-b06) (build 1.8.0_152-release-1136-b06)
# Java VM: OpenJDK 64-Bit Server VM (25.152-b06 mixed mode windows-amd64 compressed oops)
Heap:
 PSYoungGen      total 186880K, used 126244K [0x00000000e0000000, 0x00000000eda00000, 0x0000000100000000)
  eden space 174592K, 65% used [0x00000000e0000000,0x00000000e6fa5ef0,0x00000000eaa80000)
  from space 12288K, 96% used [0x00000000ece00000,0x00000000ed9a3168,0x00000000eda00000)
  to   space 19968K, 0% used [0x00000000eb300000,0x00000000eb300000,0x00000000ec680000)
 ParOldGen       total 81408K, used 45024K [0x00000000a0000000, 0x00000000a4f80000, 0x00000000e0000000)
  object space 81408K, 55% used [0x00000000a0000000,0x00000000a2bf80b0,0x00000000a4f80000)
 Metaspace       used 66233K, capacity 68390K, committed 68736K, reserved 1107968K
  class space    used 8747K, capacity 9291K, committed 9344K, reserved 1048576K
GC Heap History (10 events):
Event: 8.446 GC heap before
{Heap before GC invocations=13 (full 2):
 PSYoungGen      total 130048K, used 129983K [0x00000000e0000000, 0x00000000e9300000, 0x0000000100000000)
  eden space 118784K, 100% used [0x00000000e0000000,0x00000000e7400000,0x00000000e7400000)
  from space 11264K, 99% used [0x00000000e8800000,0x00000000e92effc0,0x00000000e9300000)
  to   space 12800K, 0% used [0x00000000e7a00000,0x00000000e7a00000,0x00000000e8680000)
 ParOldGen       total 81408K, used 18255K [0x00000000a0000000, 0x00000000a4f80000, 0x00000000e0000000)
  object space 81408K, 22% used [0x00000000a0000000,0x00000000a11d3e48,0x00000000a4f80000)
 Metaspace       used 51229K, capacity 52704K, committed 52992K, reserved 1095680K
  class space    used 6938K, capacity 7340K, committed 7424K, reserved 1048576K
Event: 8.463 GC heap after
Heap after GC invocations=13 (full 2):
 PSYoungGen      total 137728K, used 12784K [0x00000000e0000000, 0x00000000eb200000, 0x0000000100000000)
  eden space 124928K, 0% used [0x00000000e0000000,0x00000000e0000000,0x00000000e7a00000)
  from space 12800K, 99% used [0x00000000e7a00000,0x00000000e867c2f0,0x00000000e8680000)
  to   space 16384K, 0% used [0x00000000ea200000,0x00000000ea200000,0x00000000eb200000)
 ParOldGen       total 81408K, used 23897K [0x00000000a0000000, 0x00000000a4f80000, 0x00000000e0000000)
  object space 81408K, 29% used [0x00000000a0000000,0x00000000a1756570,0x00000000a4f80000)
 Metaspace       used 51229K, capacity 52704K, committed 52992K, reserved 1095680K
  class space    used 6938K, capacity 7340K, committed 7424K, reserved 1048576K
}
Event: 9.847 GC heap before
{Heap before GC invocations=14 (full 2):
 PSYoungGen      total 137728K, used 137712K [0x00000000e0000000, 0x00000000eb200000, 0x0000000100000000)
  eden space 124928K, 100% used [0x00000000e0000000,0x00000000e7a00000,0x00000000e7a00000)
  from space 12800K, 99% used [0x00000000e7a00000,0x00000000e867c2f0,0x00000000e8680000)
  to   space 16384K, 0% used [0x00000000ea200000,0x00000000ea200000,0x00000000eb200000)
 ParOldGen       total 81408K, used 23897K [0x00000000a0000000, 0x00000000a4f80000, 0x00000000e0000000)
  object space 81408K, 29% used [0x00000000a0000000,0x00000000a1756570,0x00000000a4f80000)
 Metaspace       used 56207K, capacity 58014K, committed 58112K, reserved 1099776K
  class space    used 7724K, capacity 8180K, committed 8192K, reserved 1048576K
Event: 9.869 GC heap after
Heap after GC invocations=14 (full 2):
 PSYoungGen      total 160768K, used 16365K [0x00000000e0000000, 0x00000000ec400000, 0x0000000100000000)
  eden space 144384K, 0% used [0x00000000e0000000,0x00000000e0000000,0x00000000e8d00000)
  from space 16384K, 99% used [0x00000000ea200000,0x00000000eb1fb608,0x00000000eb200000)
  to   space 21504K, 0% used [0x00000000e8d00000,0x00000000e8d00000,0x00000000ea200000)
 ParOldGen       total 81408K, used 31380K [0x00000000a0000000, 0x00000000a4f80000, 0x00000000e0000000)
  object space 81408K, 38% used [0x00000000a0000000,0x00000000a1ea52b0,0x00000000a4f80000)
 Metaspace       used 56207K, capacity 58014K, committed 58112K, reserved 1099776K
  class space    used 7724K, capacity 8180K, committed 8192K, reserved 1048576K
}
Event: 10.554 GC heap before
{Heap before GC invocations=15 (full 2):
 PSYoungGen      total 160768K, used 97841K [0x00000000e0000000, 0x00000000ec400000, 0x0000000100000000)
  eden space 144384K, 56% used [0x00000000e0000000,0x00000000e4f90e50,0x00000000e8d00000)
  from space 16384K, 99% used [0x00000000ea200000,0x00000000eb1fb608,0x00000000eb200000)
  to   space 21504K, 0% used [0x00000000e8d00000,0x00000000e8d00000,0x00000000ea200000)
 ParOldGen       total 81408K, used 31380K [0x00000000a0000000, 0x00000000a4f80000, 0x00000000e0000000)
  object space 81408K, 38% used [0x00000000a0000000,0x00000000a1ea52b0,0x00000000a4f80000)
 Metaspace       used 57009K, capacity 58800K, committed 59008K, reserved 1099776K
  class space    used 7852K, capacity 8300K, committed 8320K, reserved 1048576K
Event: 10.587 GC heap after
Heap after GC invocations=15 (full 2):
 PSYoungGen      total 165888K, used 9809K [0x00000000e0000000, 0x00000000ee180000, 0x0000000100000000)
  eden space 144384K, 0% used [0x00000000e0000000,0x00000000e0000000,0x00000000e8d00000)
  from space 21504K, 45% used [0x00000000e8d00000,0x00000000e9694430,0x00000000ea200000)
  to   space 19968K, 0% used [0x00000000ece00000,0x00000000ece00000,0x00000000ee180000)
 ParOldGen       total 81408K, used 46121K [0x00000000a0000000, 0x00000000a4f80000, 0x00000000e0000000)
  object space 81408K, 56% used [0x00000000a0000000,0x00000000a2d0a530,0x00000000a4f80000)
 Metaspace       used 57009K, capacity 58800K, committed 59008K, reserved 1099776K
  class space    used 7852K, capacity 8300K, committed 8320K, reserved 1048576K
}
Event: 10.587 GC heap before
{Heap before GC invocations=16 (full 3):
 PSYoungGen      total 165888K, used 9809K [0x00000000e0000000, 0x00000000ee180000, 0x0000000100000000)
  eden space 144384K, 0% used [0x00000000e0000000,0x00000000e0000000,0x00000000e8d00000)
  from space 21504K, 45% used [0x00000000e8d00000,0x00000000e9694430,0x00000000ea200000)
  to   space 19968K, 0% used [0x00000000ece00000,0x00000000ece00000,0x00000000ee180000)
 ParOldGen       total 81408K, used 46121K [0x00000000a0000000, 0x00000000a4f80000, 0x00000000e0000000)
  object space 81408K, 56% used [0x00000000a0000000,0x00000000a2d0a530,0x00000000a4f80000)
 Metaspace       used 57009K, capacity 58800K, committed 59008K, reserved 1099776K
  class space    used 7852K, capacity 8300K, committed 8320K, reserved 1048576K
Event: 10.903 GC heap after
Heap after GC invocations=16 (full 3):
 PSYoungGen      total 165888K, used 0K [0x00000000e0000000, 0x00000000ee180000, 0x0000000100000000)
  eden space 144384K, 0% used [0x00000000e0000000,0x00000000e0000000,0x00000000e8d00000)
  from space 21504K, 0% used [0x00000000e8d00000,0x00000000e8d00000,0x00000000ea200000)
  to   space 19968K, 0% used [0x00000000ece00000,0x00000000ece00000,0x00000000ee180000)
 ParOldGen       total 81408K, used 45016K [0x00000000a0000000, 0x00000000a4f80000, 0x00000000e0000000)
  object space 81408K, 55% used [0x00000000a0000000,0x00000000a2bf60b0,0x00000000a4f80000)
 Metaspace       used 57009K, capacity 58800K, committed 59008K, reserved 1099776K
  class space    used 7852K, capacity 8300K, committed 8320K, reserved 1048576K
}
Event: 18.375 GC heap before
{Heap before GC invocations=17 (full 3):
 PSYoungGen      total 165888K, used 144384K [0x00000000e0000000, 0x00000000ee180000, 0x0000000100000000)
  eden space 144384K, 100% used [0x00000000e0000000,0x00000000e8d00000,0x00000000e8d00000)
  from space 21504K, 0% used [0x00000000e8d00000,0x00000000e8d00000,0x00000000ea200000)
  to   space 19968K, 0% used [0x00000000ece00000,0x00000000ece00000,0x00000000ee180000)
 ParOldGen       total 81408K, used 45016K [0x00000000a0000000, 0x00000000a4f80000, 0x00000000e0000000)
  object space 81408K, 55% used [0x00000000a0000000,0x00000000a2bf60b0,0x00000000a4f80000)
 Metaspace       used 62578K, capacity 64756K, committed 65024K, reserved 1105920K
  class space    used 8381K, capacity 8934K, committed 8960K, reserved 1048576K
Event: 18.397 GC heap after
Heap after GC invocations=17 (full 3):
 PSYoungGen      total 186880K, used 11916K [0x00000000e0000000, 0x00000000eda00000, 0x0000000100000000)
  eden space 174592K, 0% used [0x00000000e0000000,0x00000000e0000000,0x00000000eaa80000)
  from space 12288K, 96% used [0x00000000ece00000,0x00000000ed9a3168,0x00000000eda00000)
  to   space 19968K, 0% used [0x00000000eb300000,0x00000000eb300000,0x00000000ec680000)
 ParOldGen       total 81408K, used 45024K [0x00000000a0000000, 0x00000000a4f80000, 0x00000000e0000000)
  object space 81408K, 55% used [0x00000000a0000000,0x00000000a2bf80b0,0x00000000a4f80000)
 Metaspace       used 62578K, capacity 64756K, committed 65024K, reserved 1105920K
  class space    used 8381K, capacity 8934K, committed 8960K, reserved 1048576K
}

