# JRE version: OpenJDK Runtime Environment (8.0_152-b06) (build 1.8.0_152-release-1136-b06)
# Java VM: OpenJDK 64-Bit Server VM (25.152-b06 mixed mode windows-amd64 compressed oops)
Heap:
 PSYoungGen      total 171520K, used 123426K [0x00000000e0000000, 0x00000000eee80000, 0x0000000100000000)
  eden space 154624K, 79% used [0x00000000e0000000,0x00000000e7888a18,0x00000000e9700000)
  from space 16896K, 0% used [0x00000000e9700000,0x00000000e9700000,0x00000000ea780000)
  to   space 19968K, 0% used [0x00000000edb00000,0x00000000edb00000,0x00000000eee80000)
 ParOldGen       total 80896K, used 45014K [0x00000000a0000000, 0x00000000a4f00000, 0x00000000e0000000)
  object space 80896K, 55% used [0x00000000a0000000,0x00000000a2bf5930,0x00000000a4f00000)
 Metaspace       used 61999K, capacity 64212K, committed 64512K, reserved 1105920K
  class space    used 8306K, capacity 8888K, committed 8960K, reserved 1048576K
GC Heap History (10 events):
Event: 7.231 GC heap before
{Heap before GC invocations=12 (full 2):
 PSYoungGen      total 102912K, used 93184K [0x00000000e0000000, 0x00000000e9380000, 0x0000000100000000)
  eden space 93184K, 100% used [0x00000000e0000000,0x00000000e5b00000,0x00000000e5b00000)
  from space 9728K, 0% used [0x00000000e5b00000,0x00000000e5b00000,0x00000000e6480000)
  to   space 11776K, 0% used [0x00000000e8800000,0x00000000e8800000,0x00000000e9380000)
 ParOldGen       total 80896K, used 18322K [0x00000000a0000000, 0x00000000a4f00000, 0x00000000e0000000)
  object space 80896K, 22% used [0x00000000a0000000,0x00000000a11e4bd8,0x00000000a4f00000)
 Metaspace       used 40918K, capacity 41728K, committed 41984K, reserved 1085440K
  class space    used 5571K, capacity 5855K, committed 5888K, reserved 1048576K
Event: 7.240 GC heap after
Heap after GC invocations=12 (full 2):
 PSYoungGen      total 132096K, used 11184K [0x00000000e0000000, 0x00000000e9300000, 0x0000000100000000)
  eden space 120832K, 0% used [0x00000000e0000000,0x00000000e0000000,0x00000000e7600000)
  from space 11264K, 99% used [0x00000000e8800000,0x00000000e92ec210,0x00000000e9300000)
  to   space 12800K, 0% used [0x00000000e7a00000,0x00000000e7a00000,0x00000000e8680000)
 ParOldGen       total 80896K, used 18330K [0x00000000a0000000, 0x00000000a4f00000, 0x00000000e0000000)
  object space 80896K, 22% used [0x00000000a0000000,0x00000000a11e6bd8,0x00000000a4f00000)
 Metaspace       used 40918K, capacity 41728K, committed 41984K, reserved 1085440K
  class space    used 5571K, capacity 5855K, committed 5888K, reserved 1048576K
}
Event: 9.022 GC heap before
{Heap before GC invocations=13 (full 2):
 PSYoungGen      total 132096K, used 132016K [0x00000000e0000000, 0x00000000e9300000, 0x0000000100000000)
  eden space 120832K, 100% used [0x00000000e0000000,0x00000000e7600000,0x00000000e7600000)
  from space 11264K, 99% used [0x00000000e8800000,0x00000000e92ec210,0x00000000e9300000)
  to   space 12800K, 0% used [0x00000000e7a00000,0x00000000e7a00000,0x00000000e8680000)
 ParOldGen       total 80896K, used 18330K [0x00000000a0000000, 0x00000000a4f00000, 0x00000000e0000000)
  object space 80896K, 22% used [0x00000000a0000000,0x00000000a11e6bd8,0x00000000a4f00000)
 Metaspace       used 51378K, capacity 52888K, committed 52992K, reserved 1095680K
  class space    used 6956K, capacity 7376K, committed 7424K, reserved 1048576K
Event: 9.038 GC heap after
Heap after GC invocations=13 (full 2):
 PSYoungGen      total 137728K, used 12793K [0x00000000e0000000, 0x00000000eb780000, 0x0000000100000000)
  eden space 124928K, 0% used [0x00000000e0000000,0x00000000e0000000,0x00000000e7a00000)
  from space 12800K, 99% used [0x00000000e7a00000,0x00000000e867e660,0x00000000e8680000)
  to   space 16384K, 0% used [0x00000000ea780000,0x00000000ea780000,0x00000000eb780000)
 ParOldGen       total 80896K, used 24219K [0x00000000a0000000, 0x00000000a4f00000, 0x00000000e0000000)
  object space 80896K, 29% used [0x00000000a0000000,0x00000000a17a6eb8,0x00000000a4f00000)
 Metaspace       used 51378K, capacity 52888K, committed 52992K, reserved 1095680K
  class space    used 6956K, capacity 7376K, committed 7424K, reserved 1048576K
}
Event: 10.300 GC heap before
{Heap before GC invocations=14 (full 2):
 PSYoungGen      total 137728K, used 137721K [0x00000000e0000000, 0x00000000eb780000, 0x0000000100000000)
  eden space 124928K, 100% used [0x00000000e0000000,0x00000000e7a00000,0x00000000e7a00000)
  from space 12800K, 99% used [0x00000000e7a00000,0x00000000e867e660,0x00000000e8680000)
  to   space 16384K, 0% used [0x00000000ea780000,0x00000000ea780000,0x00000000eb780000)
 ParOldGen       total 80896K, used 24219K [0x00000000a0000000, 0x00000000a4f00000, 0x00000000e0000000)
  object space 80896K, 29% used [0x00000000a0000000,0x00000000a17a6eb8,0x00000000a4f00000)
 Metaspace       used 56178K, capacity 58018K, committed 58112K, reserved 1099776K
  class space    used 7722K, capacity 8180K, committed 8192K, reserved 1048576K
Event: 10.317 GC heap after
Heap after GC invocations=14 (full 2):
 PSYoungGen      total 171008K, used 11976K [0x00000000e0000000, 0x00000000ebe00000, 0x0000000100000000)
  eden space 154624K, 0% used [0x00000000e0000000,0x00000000e0000000,0x00000000e9700000)
  from space 16384K, 73% used [0x00000000ea780000,0x00000000eb332048,0x00000000eb780000)
  to   space 16896K, 0% used [0x00000000e9700000,0x00000000e9700000,0x00000000ea780000)
 ParOldGen       total 80896K, used 36285K [0x00000000a0000000, 0x00000000a4f00000, 0x00000000e0000000)
  object space 80896K, 44% used [0x00000000a0000000,0x00000000a236f7c0,0x00000000a4f00000)
 Metaspace       used 56178K, capacity 58018K, committed 58112K, reserved 1099776K
  class space    used 7722K, capacity 8180K, committed 8192K, reserved 1048576K
}
Event: 10.937 GC heap before
{Heap before GC invocations=15 (full 2):
 PSYoungGen      total 171008K, used 89440K [0x00000000e0000000, 0x00000000ebe00000, 0x0000000100000000)
  eden space 154624K, 50% used [0x00000000e0000000,0x00000000e4ba6308,0x00000000e9700000)
  from space 16384K, 73% used [0x00000000ea780000,0x00000000eb332048,0x00000000eb780000)
  to   space 16896K, 0% used [0x00000000e9700000,0x00000000e9700000,0x00000000ea780000)
 ParOldGen       total 80896K, used 36285K [0x00000000a0000000, 0x00000000a4f00000, 0x00000000e0000000)
  object space 80896K, 44% used [0x00000000a0000000,0x00000000a236f7c0,0x00000000a4f00000)
 Metaspace       used 56967K, capacity 58798K, committed 59008K, reserved 1099776K
  class space    used 7850K, capacity 8299K, committed 8320K, reserved 1048576K
Event: 10.954 GC heap after
Heap after GC invocations=15 (full 2):
 PSYoungGen      total 171520K, used 16864K [0x00000000e0000000, 0x00000000eee80000, 0x0000000100000000)
  eden space 154624K, 0% used [0x00000000e0000000,0x00000000e0000000,0x00000000e9700000)
  from space 16896K, 99% used [0x00000000e9700000,0x00000000ea778030,0x00000000ea780000)
  to   space 19968K, 0% used [0x00000000edb00000,0x00000000edb00000,0x00000000eee80000)
 ParOldGen       total 80896K, used 37910K [0x00000000a0000000, 0x00000000a4f00000, 0x00000000e0000000)
  object space 80896K, 46% used [0x00000000a0000000,0x00000000a2505990,0x00000000a4f00000)
 Metaspace       used 56967K, capacity 58798K, committed 59008K, reserved 1099776K
  class space    used 7850K, capacity 8299K, committed 8320K, reserved 1048576K
}
Event: 10.954 GC heap before
{Heap before GC invocations=16 (full 3):
 PSYoungGen      total 171520K, used 16864K [0x00000000e0000000, 0x00000000eee80000, 0x0000000100000000)
  eden space 154624K, 0% used [0x00000000e0000000,0x00000000e0000000,0x00000000e9700000)
  from space 16896K, 99% used [0x00000000e9700000,0x00000000ea778030,0x00000000ea780000)
  to   space 19968K, 0% used [0x00000000edb00000,0x00000000edb00000,0x00000000eee80000)
 ParOldGen       total 80896K, used 37910K [0x00000000a0000000, 0x00000000a4f00000, 0x00000000e0000000)
  object space 80896K, 46% used [0x00000000a0000000,0x00000000a2505990,0x00000000a4f00000)
 Metaspace       used 56967K, capacity 58798K, committed 59008K, reserved 1099776K
  class space    used 7850K, capacity 8299K, committed 8320K, reserved 1048576K
Event: 11.170 GC heap after
Heap after GC invocations=16 (full 3):
 PSYoungGen      total 171520K, used 0K [0x00000000e0000000, 0x00000000eee80000, 0x0000000100000000)
  eden space 154624K, 0% used [0x00000000e0000000,0x00000000e0000000,0x00000000e9700000)
  from space 16896K, 0% used [0x00000000e9700000,0x00000000e9700000,0x00000000ea780000)
  to   space 19968K, 0% used [0x00000000edb00000,0x00000000edb00000,0x00000000eee80000)
 ParOldGen       total 80896K, used 45014K [0x00000000a0000000, 0x00000000a4f00000, 0x00000000e0000000)
  object space 80896K, 55% used [0x00000000a0000000,0x00000000a2bf5930,0x00000000a4f00000)
 Metaspace       used 56967K, capacity 58798K, committed 59008K, reserved 1099776K
  class space    used 7850K, capacity 8299K, committed 8320K, reserved 1048576K
}

