# JRE version: OpenJDK Runtime Environment (8.0_152-b06) (build 1.8.0_152-release-1136-b06)
# Java VM: OpenJDK 64-Bit Server VM (25.152-b06 mixed mode windows-amd64 compressed oops)
Heap:
 PSYoungGen      total 179200K, used 160155K [0x00000000e0000000, 0x00000000ecf00000, 0x0000000100000000)
  eden space 166912K, 88% used [0x00000000e0000000,0x00000000e90d9b30,0x00000000ea300000)
  from space 12288K, 96% used [0x00000000ec300000,0x00000000ece8d130,0x00000000ecf00000)
  to   space 19456K, 0% used [0x00000000ea900000,0x00000000ea900000,0x00000000ebc00000)
 ParOldGen       total 140288K, used 45007K [0x00000000a0000000, 0x00000000a8900000, 0x00000000e0000000)
  object space 140288K, 32% used [0x00000000a0000000,0x00000000a2bf3eb0,0x00000000a8900000)
 Metaspace       used 66418K, capacity 68668K, committed 68736K, reserved 1107968K
  class space    used 8766K, capacity 9334K, committed 9344K, reserved 1048576K
GC Heap History (10 events):
Event: 7.941 GC heap before
{Heap before GC invocations=13 (full 2):
 PSYoungGen      total 125952K, used 125828K [0x00000000e0000000, 0x00000000e8f00000, 0x0000000100000000)
  eden space 115200K, 100% used [0x00000000e0000000,0x00000000e7080000,0x00000000e7080000)
  from space 10752K, 98% used [0x00000000e8480000,0x00000000e8ee1348,0x00000000e8f00000)
  to   space 12288K, 0% used [0x00000000e7700000,0x00000000e7700000,0x00000000e8300000)
 ParOldGen       total 83968K, used 18332K [0x00000000a0000000, 0x00000000a5200000, 0x00000000e0000000)
  object space 83968K, 21% used [0x00000000a0000000,0x00000000a11e7318,0x00000000a5200000)
 Metaspace       used 50978K, capacity 52318K, committed 52352K, reserved 1093632K
  class space    used 6892K, capacity 7287K, committed 7296K, reserved 1048576K
Event: 7.958 GC heap after
Heap after GC invocations=13 (full 2):
 PSYoungGen      total 134144K, used 12259K [0x00000000e0000000, 0x00000000eab00000, 0x0000000100000000)
  eden space 121856K, 0% used [0x00000000e0000000,0x00000000e0000000,0x00000000e7700000)
  from space 12288K, 99% used [0x00000000e7700000,0x00000000e82f8e48,0x00000000e8300000)
  to   space 15872K, 0% used [0x00000000e9b80000,0x00000000e9b80000,0x00000000eab00000)
 ParOldGen       total 83968K, used 24179K [0x00000000a0000000, 0x00000000a5200000, 0x00000000e0000000)
  object space 83968K, 28% used [0x00000000a0000000,0x00000000a179ccb8,0x00000000a5200000)
 Metaspace       used 50978K, capacity 52318K, committed 52352K, reserved 1093632K
  class space    used 6892K, capacity 7287K, committed 7296K, reserved 1048576K
}
Event: 9.166 GC heap before
{Heap before GC invocations=14 (full 2):
 PSYoungGen      total 134144K, used 134115K [0x00000000e0000000, 0x00000000eab00000, 0x0000000100000000)
  eden space 121856K, 100% used [0x00000000e0000000,0x00000000e7700000,0x00000000e7700000)
  from space 12288K, 99% used [0x00000000e7700000,0x00000000e82f8e48,0x00000000e8300000)
  to   space 15872K, 0% used [0x00000000e9b80000,0x00000000e9b80000,0x00000000eab00000)
 ParOldGen       total 83968K, used 24179K [0x00000000a0000000, 0x00000000a5200000, 0x00000000e0000000)
  object space 83968K, 28% used [0x00000000a0000000,0x00000000a179ccb8,0x00000000a5200000)
 Metaspace       used 56173K, capacity 57954K, committed 58112K, reserved 1099776K
  class space    used 7721K, capacity 8180K, committed 8192K, reserved 1048576K
Event: 9.185 GC heap after
Heap after GC invocations=14 (full 2):
 PSYoungGen      total 154112K, used 15847K [0x00000000e0000000, 0x00000000ebe00000, 0x0000000100000000)
  eden space 138240K, 0% used [0x00000000e0000000,0x00000000e0000000,0x00000000e8700000)
  from space 15872K, 99% used [0x00000000e9b80000,0x00000000eaaf9c40,0x00000000eab00000)
  to   space 20992K, 0% used [0x00000000e8700000,0x00000000e8700000,0x00000000e9b80000)
 ParOldGen       total 83968K, used 31680K [0x00000000a0000000, 0x00000000a5200000, 0x00000000e0000000)
  object space 83968K, 37% used [0x00000000a0000000,0x00000000a1ef02d8,0x00000000a5200000)
 Metaspace       used 56173K, capacity 57954K, committed 58112K, reserved 1099776K
  class space    used 7721K, capacity 8180K, committed 8192K, reserved 1048576K
}
Event: 9.771 GC heap before
{Heap before GC invocations=15 (full 2):
 PSYoungGen      total 154112K, used 101596K [0x00000000e0000000, 0x00000000ebe00000, 0x0000000100000000)
  eden space 138240K, 62% used [0x00000000e0000000,0x00000000e53bd758,0x00000000e8700000)
  from space 15872K, 99% used [0x00000000e9b80000,0x00000000eaaf9c40,0x00000000eab00000)
  to   space 20992K, 0% used [0x00000000e8700000,0x00000000e8700000,0x00000000e9b80000)
 ParOldGen       total 83968K, used 31680K [0x00000000a0000000, 0x00000000a5200000, 0x00000000e0000000)
  object space 83968K, 37% used [0x00000000a0000000,0x00000000a1ef02d8,0x00000000a5200000)
 Metaspace       used 56996K, capacity 58798K, committed 59008K, reserved 1099776K
  class space    used 7849K, capacity 8299K, committed 8320K, reserved 1048576K
Event: 9.792 GC heap after
Heap after GC invocations=15 (full 2):
 PSYoungGen      total 159232K, used 10481K [0x00000000e0000000, 0x00000000ed680000, 0x0000000100000000)
  eden space 138240K, 0% used [0x00000000e0000000,0x00000000e0000000,0x00000000e8700000)
  from space 20992K, 49% used [0x00000000e8700000,0x00000000e913c430,0x00000000e9b80000)
  to   space 19968K, 0% used [0x00000000ec300000,0x00000000ec300000,0x00000000ed680000)
 ParOldGen       total 83968K, used 46099K [0x00000000a0000000, 0x00000000a5200000, 0x00000000e0000000)
  object space 83968K, 54% used [0x00000000a0000000,0x00000000a2d04f90,0x00000000a5200000)
 Metaspace       used 56996K, capacity 58798K, committed 59008K, reserved 1099776K
  class space    used 7849K, capacity 8299K, committed 8320K, reserved 1048576K
}
Event: 9.792 GC heap before
{Heap before GC invocations=16 (full 3):
 PSYoungGen      total 159232K, used 10481K [0x00000000e0000000, 0x00000000ed680000, 0x0000000100000000)
  eden space 138240K, 0% used [0x00000000e0000000,0x00000000e0000000,0x00000000e8700000)
  from space 20992K, 49% used [0x00000000e8700000,0x00000000e913c430,0x00000000e9b80000)
  to   space 19968K, 0% used [0x00000000ec300000,0x00000000ec300000,0x00000000ed680000)
 ParOldGen       total 83968K, used 46099K [0x00000000a0000000, 0x00000000a5200000, 0x00000000e0000000)
  object space 83968K, 54% used [0x00000000a0000000,0x00000000a2d04f90,0x00000000a5200000)
 Metaspace       used 56996K, capacity 58798K, committed 59008K, reserved 1099776K
  class space    used 7849K, capacity 8299K, committed 8320K, reserved 1048576K
Event: 10.014 GC heap after
Heap after GC invocations=16 (full 3):
 PSYoungGen      total 159232K, used 0K [0x00000000e0000000, 0x00000000ed680000, 0x0000000100000000)
  eden space 138240K, 0% used [0x00000000e0000000,0x00000000e0000000,0x00000000e8700000)
  from space 20992K, 0% used [0x00000000e8700000,0x00000000e8700000,0x00000000e9b80000)
  to   space 19968K, 0% used [0x00000000ec300000,0x00000000ec300000,0x00000000ed680000)
 ParOldGen       total 140288K, used 44999K [0x00000000a0000000, 0x00000000a8900000, 0x00000000e0000000)
  object space 140288K, 32% used [0x00000000a0000000,0x00000000a2bf1eb0,0x00000000a8900000)
 Metaspace       used 56996K, capacity 58798K, committed 59008K, reserved 1099776K
  class space    used 7849K, capacity 8299K, committed 8320K, reserved 1048576K
}
Event: 15.860 GC heap before
{Heap before GC invocations=17 (full 3):
 PSYoungGen      total 159232K, used 138240K [0x00000000e0000000, 0x00000000ed680000, 0x0000000100000000)
  eden space 138240K, 100% used [0x00000000e0000000,0x00000000e8700000,0x00000000e8700000)
  from space 20992K, 0% used [0x00000000e8700000,0x00000000e8700000,0x00000000e9b80000)
  to   space 19968K, 0% used [0x00000000ec300000,0x00000000ec300000,0x00000000ed680000)
 ParOldGen       total 140288K, used 44999K [0x00000000a0000000, 0x00000000a8900000, 0x00000000e0000000)
  object space 140288K, 32% used [0x00000000a0000000,0x00000000a2bf1eb0,0x00000000a8900000)
 Metaspace       used 62659K, capacity 64860K, committed 65024K, reserved 1105920K
  class space    used 8387K, capacity 8942K, committed 8960K, reserved 1048576K
Event: 15.878 GC heap after
Heap after GC invocations=17 (full 3):
 PSYoungGen      total 179200K, used 11828K [0x00000000e0000000, 0x00000000ecf00000, 0x0000000100000000)
  eden space 166912K, 0% used [0x00000000e0000000,0x00000000e0000000,0x00000000ea300000)
  from space 12288K, 96% used [0x00000000ec300000,0x00000000ece8d130,0x00000000ecf00000)
  to   space 19456K, 0% used [0x00000000ea900000,0x00000000ea900000,0x00000000ebc00000)
 ParOldGen       total 140288K, used 45007K [0x00000000a0000000, 0x00000000a8900000, 0x00000000e0000000)
  object space 140288K, 32% used [0x00000000a0000000,0x00000000a2bf3eb0,0x00000000a8900000)
 Metaspace       used 62659K, capacity 64860K, committed 65024K, reserved 1105920K
  class space    used 8387K, capacity 8942K, committed 8960K, reserved 1048576K
}

