# JRE version: OpenJDK Runtime Environment (8.0_152-b06) (build 1.8.0_152-release-1136-b06)
# Java VM: OpenJDK 64-Bit Server VM (25.152-b06 mixed mode windows-amd64 compressed oops)
Heap:
 PSYoungGen      total 234496K, used 184695K [0x00000000e0000000, 0x00000000f2300000, 0x0000000100000000)
  eden space 193024K, 74% used [0x00000000e0000000,0x00000000e8bdf9b0,0x00000000ebc80000)
  from space 41472K, 99% used [0x00000000efa80000,0x00000000f22fe2e8,0x00000000f2300000)
  to   space 37888K, 0% used [0x00000000ebc80000,0x00000000ebc80000,0x00000000ee180000)
 ParOldGen       total 199680K, used 83913K [0x00000000a0000000, 0x00000000ac300000, 0x00000000e0000000)
  object space 199680K, 42% used [0x00000000a0000000,0x00000000a51f2790,0x00000000ac300000)
 Metaspace       used 123540K, capacity 129994K, committed 130176K, reserved 1161216K
  class space    used 15906K, capacity 17473K, committed 17536K, reserved 1048576K
GC Heap History (10 events):
Event: 2364.660 GC heap before
{Heap before GC invocations=24 (full 4):
 PSYoungGen      total 192000K, used 174578K [0x00000000e0000000, 0x00000000ef600000, 0x0000000100000000)
  eden space 155136K, 100% used [0x00000000e0000000,0x00000000e9780000,0x00000000e9780000)
  from space 36864K, 52% used [0x00000000e9780000,0x00000000eaa7c8b0,0x00000000ebb80000)
  to   space 35840K, 0% used [0x00000000ed300000,0x00000000ed300000,0x00000000ef600000)
 ParOldGen       total 199680K, used 70415K [0x00000000a0000000, 0x00000000ac300000, 0x00000000e0000000)
  object space 199680K, 35% used [0x00000000a0000000,0x00000000a44c3e20,0x00000000ac300000)
 Metaspace       used 103417K, capacity 108160K, committed 108288K, reserved 1142784K
  class space    used 13435K, capacity 14581K, committed 14592K, reserved 1048576K
Event: 2364.695 GC heap after
Heap after GC invocations=24 (full 4):
 PSYoungGen      total 209920K, used 23940K [0x00000000e0000000, 0x00000000ef380000, 0x0000000100000000)
  eden space 176640K, 0% used [0x00000000e0000000,0x00000000e0000000,0x00000000eac80000)
  from space 33280K, 71% used [0x00000000ed300000,0x00000000eea61180,0x00000000ef380000)
  to   space 36352K, 0% used [0x00000000eac80000,0x00000000eac80000,0x00000000ed000000)
 ParOldGen       total 199680K, used 70423K [0x00000000a0000000, 0x00000000ac300000, 0x00000000e0000000)
  object space 199680K, 35% used [0x00000000a0000000,0x00000000a44c5e20,0x00000000ac300000)
 Metaspace       used 103417K, capacity 108160K, committed 108288K, reserved 1142784K
  class space    used 13435K, capacity 14581K, committed 14592K, reserved 1048576K
}
Event: 2456.527 GC heap before
{Heap before GC invocations=25 (full 4):
 PSYoungGen      total 209920K, used 200580K [0x00000000e0000000, 0x00000000ef380000, 0x0000000100000000)
  eden space 176640K, 100% used [0x00000000e0000000,0x00000000eac80000,0x00000000eac80000)
  from space 33280K, 71% used [0x00000000ed300000,0x00000000eea61180,0x00000000ef380000)
  to   space 36352K, 0% used [0x00000000eac80000,0x00000000eac80000,0x00000000ed000000)
 ParOldGen       total 199680K, used 70423K [0x00000000a0000000, 0x00000000ac300000, 0x00000000e0000000)
  object space 199680K, 35% used [0x00000000a0000000,0x00000000a44c5e20,0x00000000ac300000)
 Metaspace       used 104475K, capacity 109674K, committed 109824K, reserved 1144832K
  class space    used 13558K, capacity 14816K, committed 14848K, reserved 1048576K
Event: 2456.571 GC heap after
Heap after GC invocations=25 (full 4):
 PSYoungGen      total 212992K, used 22011K [0x00000000e0000000, 0x00000000f0700000, 0x0000000100000000)
  eden space 176640K, 0% used [0x00000000e0000000,0x00000000e0000000,0x00000000eac80000)
  from space 36352K, 60% used [0x00000000eac80000,0x00000000ec1fecd8,0x00000000ed000000)
  to   space 36352K, 0% used [0x00000000ee380000,0x00000000ee380000,0x00000000f0700000)
 ParOldGen       total 199680K, used 70431K [0x00000000a0000000, 0x00000000ac300000, 0x00000000e0000000)
  object space 199680K, 35% used [0x00000000a0000000,0x00000000a44c7e20,0x00000000ac300000)
 Metaspace       used 104475K, capacity 109674K, committed 109824K, reserved 1144832K
  class space    used 13558K, capacity 14816K, committed 14848K, reserved 1048576K
}
Event: 4991.892 GC heap before
{Heap before GC invocations=26 (full 4):
 PSYoungGen      total 212992K, used 198651K [0x00000000e0000000, 0x00000000f0700000, 0x0000000100000000)
  eden space 176640K, 100% used [0x00000000e0000000,0x00000000eac80000,0x00000000eac80000)
  from space 36352K, 60% used [0x00000000eac80000,0x00000000ec1fecd8,0x00000000ed000000)
  to   space 36352K, 0% used [0x00000000ee380000,0x00000000ee380000,0x00000000f0700000)
 ParOldGen       total 199680K, used 70431K [0x00000000a0000000, 0x00000000ac300000, 0x00000000e0000000)
  object space 199680K, 35% used [0x00000000a0000000,0x00000000a44c7e20,0x00000000ac300000)
 Metaspace       used 106628K, capacity 111950K, committed 112256K, reserved 1146880K
  class space    used 13798K, capacity 15107K, committed 15232K, reserved 1048576K
Event: 4992.562 GC heap after
Heap after GC invocations=26 (full 4):
 PSYoungGen      total 228864K, used 26341K [0x00000000e0000000, 0x00000000f0680000, 0x0000000100000000)
  eden space 193024K, 0% used [0x00000000e0000000,0x00000000e0000000,0x00000000ebc80000)
  from space 35840K, 73% used [0x00000000ee380000,0x00000000efd394e0,0x00000000f0680000)
  to   space 37888K, 0% used [0x00000000ebc80000,0x00000000ebc80000,0x00000000ee180000)
 ParOldGen       total 199680K, used 70439K [0x00000000a0000000, 0x00000000ac300000, 0x00000000e0000000)
  object space 199680K, 35% used [0x00000000a0000000,0x00000000a44c9e20,0x00000000ac300000)
 Metaspace       used 106628K, capacity 111950K, committed 112256K, reserved 1146880K
  class space    used 13798K, capacity 15107K, committed 15232K, reserved 1048576K
}
Event: 5004.310 GC heap before
{Heap before GC invocations=27 (full 4):
 PSYoungGen      total 228864K, used 219338K [0x00000000e0000000, 0x00000000f0680000, 0x0000000100000000)
  eden space 193024K, 99% used [0x00000000e0000000,0x00000000ebc79330,0x00000000ebc80000)
  from space 35840K, 73% used [0x00000000ee380000,0x00000000efd394e0,0x00000000f0680000)
  to   space 37888K, 0% used [0x00000000ebc80000,0x00000000ebc80000,0x00000000ee180000)
 ParOldGen       total 199680K, used 70439K [0x00000000a0000000, 0x00000000ac300000, 0x00000000e0000000)
  object space 199680K, 35% used [0x00000000a0000000,0x00000000a44c9e20,0x00000000ac300000)
 Metaspace       used 113154K, capacity 118540K, committed 118912K, reserved 1153024K
  class space    used 14595K, capacity 15910K, committed 16000K, reserved 1048576K
Event: 5004.445 GC heap after
Heap after GC invocations=27 (full 4):
 PSYoungGen      total 230912K, used 34029K [0x00000000e0000000, 0x00000000f2300000, 0x0000000100000000)
  eden space 193024K, 0% used [0x00000000e0000000,0x00000000e0000000,0x00000000ebc80000)
  from space 37888K, 89% used [0x00000000ebc80000,0x00000000eddbb798,0x00000000ee180000)
  to   space 41472K, 0% used [0x00000000efa80000,0x00000000efa80000,0x00000000f2300000)
 ParOldGen       total 199680K, used 70447K [0x00000000a0000000, 0x00000000ac300000, 0x00000000e0000000)
  object space 199680K, 35% used [0x00000000a0000000,0x00000000a44cbe20,0x00000000ac300000)
 Metaspace       used 113154K, capacity 118540K, committed 118912K, reserved 1153024K
  class space    used 14595K, capacity 15910K, committed 16000K, reserved 1048576K
}
Event: 5007.987 GC heap before
{Heap before GC invocations=28 (full 4):
 PSYoungGen      total 230912K, used 227053K [0x00000000e0000000, 0x00000000f2300000, 0x0000000100000000)
  eden space 193024K, 100% used [0x00000000e0000000,0x00000000ebc80000,0x00000000ebc80000)
  from space 37888K, 89% used [0x00000000ebc80000,0x00000000eddbb798,0x00000000ee180000)
  to   space 41472K, 0% used [0x00000000efa80000,0x00000000efa80000,0x00000000f2300000)
 ParOldGen       total 199680K, used 70447K [0x00000000a0000000, 0x00000000ac300000, 0x00000000e0000000)
  object space 199680K, 35% used [0x00000000a0000000,0x00000000a44cbe20,0x00000000ac300000)
 Metaspace       used 122805K, capacity 129270K, committed 129280K, reserved 1161216K
  class space    used 15847K, capacity 17407K, committed 17408K, reserved 1048576K
Event: 5008.033 GC heap after
Heap after GC invocations=28 (full 4):
 PSYoungGen      total 234496K, used 41464K [0x00000000e0000000, 0x00000000f2300000, 0x0000000100000000)
  eden space 193024K, 0% used [0x00000000e0000000,0x00000000e0000000,0x00000000ebc80000)
  from space 41472K, 99% used [0x00000000efa80000,0x00000000f22fe2e8,0x00000000f2300000)
  to   space 37888K, 0% used [0x00000000ebc80000,0x00000000ebc80000,0x00000000ee180000)
 ParOldGen       total 199680K, used 83913K [0x00000000a0000000, 0x00000000ac300000, 0x00000000e0000000)
  object space 199680K, 42% used [0x00000000a0000000,0x00000000a51f2790,0x00000000ac300000)
 Metaspace       used 122805K, capacity 129270K, committed 129280K, reserved 1161216K
  class space    used 15847K, capacity 17407K, committed 17408K, reserved 1048576K
}

