# JRE version: OpenJDK Runtime Environment (8.0_152-b06) (build 1.8.0_152-release-1136-b06)
# Java VM: OpenJDK 64-Bit Server VM (25.152-b06 mixed mode windows-amd64 compressed oops)
Heap:
 PSYoungGen      total 165888K, used 45874K [0x00000000e0000000, 0x00000000ee380000, 0x0000000100000000)
  eden space 150016K, 30% used [0x00000000e0000000,0x00000000e2cccb68,0x00000000e9280000)
  from space 15872K, 0% used [0x00000000e9280000,0x00000000e9280000,0x00000000ea200000)
  to   space 19456K, 0% used [0x00000000ed080000,0x00000000ed080000,0x00000000ee380000)
 ParOldGen       total 79360K, used 44595K [0x00000000a0000000, 0x00000000a4d80000, 0x00000000e0000000)
  object space 79360K, 56% used [0x00000000a0000000,0x00000000a2b8cfa8,0x00000000a4d80000)
 Metaspace       used 59071K, capacity 60558K, committed 60760K, reserved 1101824K
  class space    used 7885K, capacity 8266K, committed 8320K, reserved 1048576K
GC Heap History (10 events):
Event: 9.714 GC heap before
{Heap before GC invocations=12 (full 2):
 PSYoungGen      total 99328K, used 90112K [0x00000000e0000000, 0x00000000e8800000, 0x0000000100000000)
  eden space 90112K, 100% used [0x00000000e0000000,0x00000000e5800000,0x00000000e5800000)
  from space 9216K, 0% used [0x00000000e5800000,0x00000000e5800000,0x00000000e6100000)
  to   space 10240K, 0% used [0x00000000e7e00000,0x00000000e7e00000,0x00000000e8800000)
 ParOldGen       total 79360K, used 16615K [0x00000000a0000000, 0x00000000a4d80000, 0x00000000e0000000)
  object space 79360K, 20% used [0x00000000a0000000,0x00000000a1039cb8,0x00000000a4d80000)
 Metaspace       used 40317K, capacity 40910K, committed 41304K, reserved 1085440K
  class space    used 5411K, capacity 5637K, committed 5760K, reserved 1048576K
Event: 9.726 GC heap after
Heap after GC invocations=12 (full 2):
 PSYoungGen      total 128000K, used 10221K [0x00000000e0000000, 0x00000000e8900000, 0x0000000100000000)
  eden space 117760K, 0% used [0x00000000e0000000,0x00000000e0000000,0x00000000e7300000)
  from space 10240K, 99% used [0x00000000e7e00000,0x00000000e87fb7a0,0x00000000e8800000)
  to   space 11264K, 0% used [0x00000000e7300000,0x00000000e7300000,0x00000000e7e00000)
 ParOldGen       total 79360K, used 17106K [0x00000000a0000000, 0x00000000a4d80000, 0x00000000e0000000)
  object space 79360K, 21% used [0x00000000a0000000,0x00000000a10b4ae0,0x00000000a4d80000)
 Metaspace       used 40317K, capacity 40910K, committed 41304K, reserved 1085440K
  class space    used 5411K, capacity 5637K, committed 5760K, reserved 1048576K
}
Event: 12.111 GC heap before
{Heap before GC invocations=13 (full 2):
 PSYoungGen      total 128000K, used 127981K [0x00000000e0000000, 0x00000000e8900000, 0x0000000100000000)
  eden space 117760K, 100% used [0x00000000e0000000,0x00000000e7300000,0x00000000e7300000)
  from space 10240K, 99% used [0x00000000e7e00000,0x00000000e87fb7a0,0x00000000e8800000)
  to   space 11264K, 0% used [0x00000000e7300000,0x00000000e7300000,0x00000000e7e00000)
 ParOldGen       total 79360K, used 17106K [0x00000000a0000000, 0x00000000a4d80000, 0x00000000e0000000)
  object space 79360K, 21% used [0x00000000a0000000,0x00000000a10b4ae0,0x00000000a4d80000)
 Metaspace       used 50729K, capacity 51956K, committed 52184K, reserved 1093632K
  class space    used 6835K, capacity 7161K, committed 7168K, reserved 1048576K
Event: 12.142 GC heap after
Heap after GC invocations=13 (full 2):
 PSYoungGen      total 129024K, used 11233K [0x00000000e0000000, 0x00000000eb400000, 0x0000000100000000)
  eden space 117760K, 0% used [0x00000000e0000000,0x00000000e0000000,0x00000000e7300000)
  from space 11264K, 99% used [0x00000000e7300000,0x00000000e7df8458,0x00000000e7e00000)
  to   space 15360K, 0% used [0x00000000ea500000,0x00000000ea500000,0x00000000eb400000)
 ParOldGen       total 79360K, used 24569K [0x00000000a0000000, 0x00000000a4d80000, 0x00000000e0000000)
  object space 79360K, 30% used [0x00000000a0000000,0x00000000a17fe758,0x00000000a4d80000)
 Metaspace       used 50729K, capacity 51956K, committed 52184K, reserved 1093632K
  class space    used 6835K, capacity 7161K, committed 7168K, reserved 1048576K
}
Event: 18.408 GC heap before
{Heap before GC invocations=14 (full 2):
 PSYoungGen      total 129024K, used 128993K [0x00000000e0000000, 0x00000000eb400000, 0x0000000100000000)
  eden space 117760K, 100% used [0x00000000e0000000,0x00000000e7300000,0x00000000e7300000)
  from space 11264K, 99% used [0x00000000e7300000,0x00000000e7df8458,0x00000000e7e00000)
  to   space 15360K, 0% used [0x00000000ea500000,0x00000000ea500000,0x00000000eb400000)
 ParOldGen       total 79360K, used 24569K [0x00000000a0000000, 0x00000000a4d80000, 0x00000000e0000000)
  object space 79360K, 30% used [0x00000000a0000000,0x00000000a17fe758,0x00000000a4d80000)
 Metaspace       used 56155K, capacity 57634K, committed 57944K, reserved 1099776K
  class space    used 7600K, capacity 7974K, committed 8064K, reserved 1048576K
Event: 18.432 GC heap after
Heap after GC invocations=14 (full 2):
 PSYoungGen      total 162816K, used 11203K [0x00000000e0000000, 0x00000000eb180000, 0x0000000100000000)
  eden space 150016K, 0% used [0x00000000e0000000,0x00000000e0000000,0x00000000e9280000)
  from space 12800K, 87% used [0x00000000ea500000,0x00000000eaff0c60,0x00000000eb180000)
  to   space 15872K, 0% used [0x00000000e9280000,0x00000000e9280000,0x00000000ea200000)
 ParOldGen       total 79360K, used 30628K [0x00000000a0000000, 0x00000000a4d80000, 0x00000000e0000000)
  object space 79360K, 38% used [0x00000000a0000000,0x00000000a1de9148,0x00000000a4d80000)
 Metaspace       used 56155K, capacity 57634K, committed 57944K, reserved 1099776K
  class space    used 7600K, capacity 7974K, committed 8064K, reserved 1048576K
}
Event: 19.349 GC heap before
{Heap before GC invocations=15 (full 2):
 PSYoungGen      total 162816K, used 66066K [0x00000000e0000000, 0x00000000eb180000, 0x0000000100000000)
  eden space 150016K, 36% used [0x00000000e0000000,0x00000000e3593c40,0x00000000e9280000)
  from space 12800K, 87% used [0x00000000ea500000,0x00000000eaff0c60,0x00000000eb180000)
  to   space 15872K, 0% used [0x00000000e9280000,0x00000000e9280000,0x00000000ea200000)
 ParOldGen       total 79360K, used 30628K [0x00000000a0000000, 0x00000000a4d80000, 0x00000000e0000000)
  object space 79360K, 38% used [0x00000000a0000000,0x00000000a1de9148,0x00000000a4d80000)
 Metaspace       used 57356K, capacity 58820K, committed 59028K, reserved 1099776K
  class space    used 7693K, capacity 8071K, committed 8192K, reserved 1048576K
Event: 19.365 GC heap after
Heap after GC invocations=15 (full 2):
 PSYoungGen      total 165888K, used 15868K [0x00000000e0000000, 0x00000000ee380000, 0x0000000100000000)
  eden space 150016K, 0% used [0x00000000e0000000,0x00000000e0000000,0x00000000e9280000)
  from space 15872K, 99% used [0x00000000e9280000,0x00000000ea1ff200,0x00000000ea200000)
  to   space 19456K, 0% used [0x00000000ed080000,0x00000000ed080000,0x00000000ee380000)
 ParOldGen       total 79360K, used 34440K [0x00000000a0000000, 0x00000000a4d80000, 0x00000000e0000000)
  object space 79360K, 43% used [0x00000000a0000000,0x00000000a21a2098,0x00000000a4d80000)
 Metaspace       used 57356K, capacity 58820K, committed 59028K, reserved 1099776K
  class space    used 7693K, capacity 8071K, committed 8192K, reserved 1048576K
}
Event: 19.365 GC heap before
{Heap before GC invocations=16 (full 3):
 PSYoungGen      total 165888K, used 15868K [0x00000000e0000000, 0x00000000ee380000, 0x0000000100000000)
  eden space 150016K, 0% used [0x00000000e0000000,0x00000000e0000000,0x00000000e9280000)
  from space 15872K, 99% used [0x00000000e9280000,0x00000000ea1ff200,0x00000000ea200000)
  to   space 19456K, 0% used [0x00000000ed080000,0x00000000ed080000,0x00000000ee380000)
 ParOldGen       total 79360K, used 34440K [0x00000000a0000000, 0x00000000a4d80000, 0x00000000e0000000)
  object space 79360K, 43% used [0x00000000a0000000,0x00000000a21a2098,0x00000000a4d80000)
 Metaspace       used 57356K, capacity 58820K, committed 59028K, reserved 1099776K
  class space    used 7693K, capacity 8071K, committed 8192K, reserved 1048576K
Event: 19.601 GC heap after
Heap after GC invocations=16 (full 3):
 PSYoungGen      total 165888K, used 0K [0x00000000e0000000, 0x00000000ee380000, 0x0000000100000000)
  eden space 150016K, 0% used [0x00000000e0000000,0x00000000e0000000,0x00000000e9280000)
  from space 15872K, 0% used [0x00000000e9280000,0x00000000e9280000,0x00000000ea200000)
  to   space 19456K, 0% used [0x00000000ed080000,0x00000000ed080000,0x00000000ee380000)
 ParOldGen       total 79360K, used 44595K [0x00000000a0000000, 0x00000000a4d80000, 0x00000000e0000000)
  object space 79360K, 56% used [0x00000000a0000000,0x00000000a2b8cfa8,0x00000000a4d80000)
 Metaspace       used 57356K, capacity 58820K, committed 59028K, reserved 1099776K
  class space    used 7693K, capacity 8071K, committed 8192K, reserved 1048576K
}

