# JRE version: OpenJDK Runtime Environment (8.0_152-b06) (build 1.8.0_152-release-1136-b06)
# Java VM: OpenJDK 64-Bit Server VM (25.152-b06 mixed mode windows-amd64 compressed oops)
Heap:
 PSYoungGen      total 386048K, used 135983K [0x00000000e0000000, 0x00000000f8d80000, 0x0000000100000000)
  eden space 372224K, 34% used [0x00000000e0000000,0x00000000e7ebf980,0x00000000f6b80000)
  from space 13824K, 44% used [0x00000000f8000000,0x00000000f860c5f0,0x00000000f8d80000)
  to   space 17408K, 0% used [0x00000000f6b80000,0x00000000f6b80000,0x00000000f7c80000)
 ParOldGen       total 126464K, used 69115K [0x00000000a0000000, 0x00000000a7b80000, 0x00000000e0000000)
  object space 126464K, 54% used [0x00000000a0000000,0x00000000a437eeb8,0x00000000a7b80000)
 Metaspace       used 69991K, capacity 73358K, committed 73472K, reserved 1112064K
  class space    used 9321K, capacity 9976K, committed 9984K, reserved 1048576K
GC Heap History (10 events):
Event: 19.059 GC heap before
{Heap before GC invocations=23 (full 3):
 PSYoungGen      total 322560K, used 312994K [0x00000000e0000000, 0x00000000f9100000, 0x0000000100000000)
  eden space 304640K, 100% used [0x00000000e0000000,0x00000000f2980000,0x00000000f2980000)
  from space 17920K, 46% used [0x00000000f2980000,0x00000000f31a8b58,0x00000000f3b00000)
  to   space 17408K, 0% used [0x00000000f8000000,0x00000000f8000000,0x00000000f9100000)
 ParOldGen       total 126464K, used 58647K [0x00000000a0000000, 0x00000000a7b80000, 0x00000000e0000000)
  object space 126464K, 46% used [0x00000000a0000000,0x00000000a3945e40,0x00000000a7b80000)
 Metaspace       used 66266K, capacity 69162K, committed 69376K, reserved 1110016K
  class space    used 8883K, capacity 9472K, committed 9472K, reserved 1048576K
Event: 19.069 GC heap after
Heap after GC invocations=23 (full 3):
 PSYoungGen      total 386048K, used 4176K [0x00000000e0000000, 0x00000000f8d80000, 0x0000000100000000)
  eden space 372224K, 0% used [0x00000000e0000000,0x00000000e0000000,0x00000000f6b80000)
  from space 13824K, 30% used [0x00000000f8000000,0x00000000f8414388,0x00000000f8d80000)
  to   space 17408K, 0% used [0x00000000f6b80000,0x00000000f6b80000,0x00000000f7c80000)
 ParOldGen       total 126464K, used 62421K [0x00000000a0000000, 0x00000000a7b80000, 0x00000000e0000000)
  object space 126464K, 49% used [0x00000000a0000000,0x00000000a3cf56f0,0x00000000a7b80000)
 Metaspace       used 66266K, capacity 69162K, committed 69376K, reserved 1110016K
  class space    used 8883K, capacity 9472K, committed 9472K, reserved 1048576K
}
Event: 20.016 GC heap before
{Heap before GC invocations=24 (full 3):
 PSYoungGen      total 386048K, used 376400K [0x00000000e0000000, 0x00000000f8d80000, 0x0000000100000000)
  eden space 372224K, 100% used [0x00000000e0000000,0x00000000f6b80000,0x00000000f6b80000)
  from space 13824K, 30% used [0x00000000f8000000,0x00000000f8414388,0x00000000f8d80000)
  to   space 17408K, 0% used [0x00000000f6b80000,0x00000000f6b80000,0x00000000f7c80000)
 ParOldGen       total 126464K, used 62421K [0x00000000a0000000, 0x00000000a7b80000, 0x00000000e0000000)
  object space 126464K, 49% used [0x00000000a0000000,0x00000000a3cf56f0,0x00000000a7b80000)
 Metaspace       used 66338K, capacity 69226K, committed 69376K, reserved 1110016K
  class space    used 8883K, capacity 9472K, committed 9472K, reserved 1048576K
Event: 20.036 GC heap after
Heap after GC invocations=24 (full 3):
 PSYoungGen      total 389632K, used 10388K [0x00000000e0000000, 0x00000000f8d80000, 0x0000000100000000)
  eden space 372224K, 0% used [0x00000000e0000000,0x00000000e0000000,0x00000000f6b80000)
  from space 17408K, 59% used [0x00000000f6b80000,0x00000000f75a5100,0x00000000f7c80000)
  to   space 13824K, 0% used [0x00000000f8000000,0x00000000f8000000,0x00000000f8d80000)
 ParOldGen       total 126464K, used 63334K [0x00000000a0000000, 0x00000000a7b80000, 0x00000000e0000000)
  object space 126464K, 50% used [0x00000000a0000000,0x00000000a3dd99b8,0x00000000a7b80000)
 Metaspace       used 66338K, capacity 69226K, committed 69376K, reserved 1110016K
  class space    used 8883K, capacity 9472K, committed 9472K, reserved 1048576K
}
Event: 21.471 GC heap before
{Heap before GC invocations=25 (full 3):
 PSYoungGen      total 389632K, used 382612K [0x00000000e0000000, 0x00000000f8d80000, 0x0000000100000000)
  eden space 372224K, 100% used [0x00000000e0000000,0x00000000f6b80000,0x00000000f6b80000)
  from space 17408K, 59% used [0x00000000f6b80000,0x00000000f75a5100,0x00000000f7c80000)
  to   space 13824K, 0% used [0x00000000f8000000,0x00000000f8000000,0x00000000f8d80000)
 ParOldGen       total 126464K, used 63334K [0x00000000a0000000, 0x00000000a7b80000, 0x00000000e0000000)
  object space 126464K, 50% used [0x00000000a0000000,0x00000000a3dd99b8,0x00000000a7b80000)
 Metaspace       used 66432K, capacity 69300K, committed 69504K, reserved 1110016K
  class space    used 8885K, capacity 9475K, committed 9600K, reserved 1048576K
Event: 21.484 GC heap after
Heap after GC invocations=25 (full 3):
 PSYoungGen      total 386048K, used 3873K [0x00000000e0000000, 0x00000000f8d80000, 0x0000000100000000)
  eden space 372224K, 0% used [0x00000000e0000000,0x00000000e0000000,0x00000000f6b80000)
  from space 13824K, 28% used [0x00000000f8000000,0x00000000f83c8718,0x00000000f8d80000)
  to   space 17408K, 0% used [0x00000000f6b80000,0x00000000f6b80000,0x00000000f7c80000)
 ParOldGen       total 126464K, used 67959K [0x00000000a0000000, 0x00000000a7b80000, 0x00000000e0000000)
  object space 126464K, 53% used [0x00000000a0000000,0x00000000a425dfb0,0x00000000a7b80000)
 Metaspace       used 66432K, capacity 69300K, committed 69504K, reserved 1110016K
  class space    used 8885K, capacity 9475K, committed 9600K, reserved 1048576K
}
Event: 24.803 GC heap before
{Heap before GC invocations=26 (full 3):
 PSYoungGen      total 386048K, used 376097K [0x00000000e0000000, 0x00000000f8d80000, 0x0000000100000000)
  eden space 372224K, 100% used [0x00000000e0000000,0x00000000f6b80000,0x00000000f6b80000)
  from space 13824K, 28% used [0x00000000f8000000,0x00000000f83c8718,0x00000000f8d80000)
  to   space 17408K, 0% used [0x00000000f6b80000,0x00000000f6b80000,0x00000000f7c80000)
 ParOldGen       total 126464K, used 67959K [0x00000000a0000000, 0x00000000a7b80000, 0x00000000e0000000)
  object space 126464K, 53% used [0x00000000a0000000,0x00000000a425dfb0,0x00000000a7b80000)
 Metaspace       used 66791K, capacity 69710K, committed 70016K, reserved 1110016K
  class space    used 8913K, capacity 9518K, committed 9600K, reserved 1048576K
Event: 24.809 GC heap after
Heap after GC invocations=26 (full 3):
 PSYoungGen      total 389632K, used 2058K [0x00000000e0000000, 0x00000000f8d80000, 0x0000000100000000)
  eden space 372224K, 0% used [0x00000000e0000000,0x00000000e0000000,0x00000000f6b80000)
  from space 17408K, 11% used [0x00000000f6b80000,0x00000000f6d82b30,0x00000000f7c80000)
  to   space 13824K, 0% used [0x00000000f8000000,0x00000000f8000000,0x00000000f8d80000)
 ParOldGen       total 126464K, used 69107K [0x00000000a0000000, 0x00000000a7b80000, 0x00000000e0000000)
  object space 126464K, 54% used [0x00000000a0000000,0x00000000a437ceb8,0x00000000a7b80000)
 Metaspace       used 66791K, capacity 69710K, committed 70016K, reserved 1110016K
  class space    used 8913K, capacity 9518K, committed 9600K, reserved 1048576K
}
Event: 29.017 GC heap before
{Heap before GC invocations=27 (full 3):
 PSYoungGen      total 389632K, used 374282K [0x00000000e0000000, 0x00000000f8d80000, 0x0000000100000000)
  eden space 372224K, 100% used [0x00000000e0000000,0x00000000f6b80000,0x00000000f6b80000)
  from space 17408K, 11% used [0x00000000f6b80000,0x00000000f6d82b30,0x00000000f7c80000)
  to   space 13824K, 0% used [0x00000000f8000000,0x00000000f8000000,0x00000000f8d80000)
 ParOldGen       total 126464K, used 69107K [0x00000000a0000000, 0x00000000a7b80000, 0x00000000e0000000)
  object space 126464K, 54% used [0x00000000a0000000,0x00000000a437ceb8,0x00000000a7b80000)
 Metaspace       used 68617K, capacity 71814K, committed 72064K, reserved 1112064K
  class space    used 9132K, capacity 9800K, committed 9856K, reserved 1048576K
Event: 29.024 GC heap after
Heap after GC invocations=27 (full 3):
 PSYoungGen      total 386048K, used 6193K [0x00000000e0000000, 0x00000000f8d80000, 0x0000000100000000)
  eden space 372224K, 0% used [0x00000000e0000000,0x00000000e0000000,0x00000000f6b80000)
  from space 13824K, 44% used [0x00000000f8000000,0x00000000f860c5f0,0x00000000f8d80000)
  to   space 17408K, 0% used [0x00000000f6b80000,0x00000000f6b80000,0x00000000f7c80000)
 ParOldGen       total 126464K, used 69115K [0x00000000a0000000, 0x00000000a7b80000, 0x00000000e0000000)
  object space 126464K, 54% used [0x00000000a0000000,0x00000000a437eeb8,0x00000000a7b80000)
 Metaspace       used 68617K, capacity 71814K, committed 72064K, reserved 1112064K
  class space    used 9132K, capacity 9800K, committed 9856K, reserved 1048576K
}

